<?xml version="1.0" encoding="UTF-8"?>
<!-- Generated by org.testng.reporters.JUnitXMLReporter -->
<testsuite hostname="DESKTOP-E47PPVB" name="Test" tests="14" failures="3" timestamp="12 Feb 2016 09:36:44 GMT" time="115.153" errors="0">
  <testcase name="verifyJoinFormConfirmEmailErrorTest" time="7.046" classname="com.cashkaro.tests.JoinNow.VerifyJoinFromBannerSectionTest"/>
  <testcase name="verifyJoinFromBannerSectionInvalidTest" time="5.78" classname="com.cashkaro.tests.JoinNow.VerifyJoinFromBannerSectionTest"/>
  <testcase name="verifyForgotPasswordTest" time="34.472" classname="com.cashkaro.tests.forgotPassword.ForgotPasswordTest"/>
  <testcase name="verifyForgotPasswordErrorTest" time="3.68" classname="com.cashkaro.tests.forgotPassword.ForgotPasswordTest">
    <failure type="java.lang.AssertionError" message="Error message is not displayed expected [Please enter a valid email.] but found [Please enter valid email address.]">
      <![CDATA[java.lang.AssertionError: Error message is not displayed expected [Please enter a valid email.] but found [Please enter valid email address.]
	at com.cashkaro.helpers.ForgotPasswordHelper.verifyForgotPasswordError(ForgotPasswordHelper.java:52)
	at com.cashkaro.tests.forgotPassword.ForgotPasswordTest.verifyForgotPasswordErrorTest(ForgotPasswordTest.java:30)
... Removed 27 stack frames]]>
    </failure>
  </testcase> <!-- verifyForgotPasswordErrorTest -->
  <testcase name="verifyJoinFormConfirmEmailErrorTest" time="4.934" classname="com.cashkaro.tests.JoinNow.VerifyJoinFromTopNavTest"/>
  <testcase name="verifyJoinFromBannerSectionInvalidTest" time="5.027" classname="com.cashkaro.tests.JoinNow.VerifyJoinFromTopNavTest"/>
  <testcase name="verifyJoinFormConfirmEmailErrorTest" time="4.09" classname="com.cashkaro.tests.JoinNow.VerifyJoinFromWhiteDividerTest"/>
  <testcase name="verifyJoinFromBannerSectionInvalidTest" time="6.672" classname="com.cashkaro.tests.JoinNow.VerifyJoinFromWhiteDividerTest">
    <failure type="java.lang.AssertionError" message="Full Name error label is not matching expected [Please type your name.] but found [Full Name:*]">
      <![CDATA[java.lang.AssertionError: Full Name error label is not matching expected [Please type your name.] but found [Full Name:*]
	at com.cashkaro.helpers.JoinNowHelper.verifyJoinNowErrorValues(JoinNowHelper.java:114)
	at com.cashkaro.tests.JoinNow.VerifyJoinFromWhiteDividerTest.verifyJoinFromBannerSectionInvalidTest(VerifyJoinFromWhiteDividerTest.java:38)
... Removed 27 stack frames]]>
    </failure>
  </testcase> <!-- verifyJoinFromBannerSectionInvalidTest -->
  <testcase name="verifyLoginElementsTest" time="3.779" classname="com.cashkaro.tests.login.LoginTest"/>
  <testcase name="verifyLoginTest" time="9.035" classname="com.cashkaro.tests.login.LoginTest"/>
  <testcase name="verifyInvalidLoginTest" time="3.475" classname="com.cashkaro.tests.login.LoginTest"/>
  <testcase name="verifyInvalidLoginTest" time="3.97" classname="com.cashkaro.tests.login.LoginTest"/>
  <testcase name="verifyInvalidLoginTest" time="3.749" classname="com.cashkaro.tests.login.LoginTest"/>
  <testcase name="loginTest" time="5.234" classname="com.cashkaro.tests.login.LoginWithFacebookTest">
    <failure type="com.cashkaro.ui_tests.AutomationException">
      <![CDATA[com.cashkaro.ui_tests.AutomationException
	at com.cashkaro.ui_tests.DriverScript.switchToBrowser(DriverScript.java:134)
	at com.cashkaro.helpers.FacebookHelper.loginFacebook(FacebookHelper.java:21)
	at com.cashkaro.helpers.SignInHelper.loginWithFacebook(SignInHelper.java:95)
	at com.cashkaro.tests.login.LoginWithFacebookTest.loginTest(LoginWithFacebookTest.java:35)
... Removed 23 stack frames]]>
    </failure>
  </testcase> <!-- loginTest -->
</testsuite> <!-- Test -->
