<html>
<head>
<title>TestNG:  Test</title>
<link href="../testng.css" rel="stylesheet" type="text/css" />
<link href="../my-testng.css" rel="stylesheet" type="text/css" />

<style type="text/css">
.log { display: none;} 
.stack-trace { display: none;} 
</style>
<script type="text/javascript">
<!--
function flip(e) {
  current = e.style.display;
  if (current == 'block') {
    e.style.display = 'none';
    return 0;
  }
  else {
    e.style.display = 'block';
    return 1;
  }
}

function toggleBox(szDivId, elem, msg1, msg2)
{
  var res = -1;  if (document.getElementById) {
    res = flip(document.getElementById(szDivId));
  }
  else if (document.all) {
    // this is the way old msie versions work
    res = flip(document.all[szDivId]);
  }
  if(elem) {
    if(res == 0) elem.innerHTML = msg1; else elem.innerHTML = msg2;
  }

}

function toggleAllBoxes() {
  if (document.getElementsByTagName) {
    d = document.getElementsByTagName('div');
    for (i = 0; i < d.length; i++) {
      if (d[i].className == 'log') {
        flip(d[i]);
      }
    }
  }
}

// -->
</script>

</head>
<body>
<h2 align='center'>Test</h2><table border='1' align="center">
<tr>
<td>Tests passed/Failed/Skipped:</td><td>11/3/0</td>
</tr><tr>
<td>Started on:</td><td>Fri Feb 12 09:34:49 GMT 2016</td>
</tr>
<tr><td>Total time:</td><td>115 seconds (115153 ms)</td>
</tr><tr>
<td>Included groups:</td><td></td>
</tr><tr>
<td>Excluded groups:</td><td></td>
</tr>
</table><p/>
<small><i>(Hover the method name to see the test class name)</i></small><p/>
<table width='100%' border='1' class='invocation-failed'>
<tr><td colspan='4' align='center'><b>FAILED TESTS</b></td></tr>
<tr><td><b>Test method</b></td>
<td width="30%"><b>Exception</b></td>
<td width="10%"><b>Time (seconds)</b></td>
<td><b>Instance</b></td>
</tr>
<tr>
<td title='com.cashkaro.tests.login.LoginWithFacebookTest.loginTest()'><b>loginTest</b><br>Test class: com.cashkaro.tests.login.LoginWithFacebookTest</td>
<td><div><pre>com.cashkaro.ui_tests.AutomationException
	at com.cashkaro.ui_tests.DriverScript.switchToBrowser(DriverScript.java:134)
	at com.cashkaro.helpers.FacebookHelper.loginFacebook(FacebookHelper.java:21)
	at com.cashkaro.helpers.SignInHelper.loginWithFacebook(SignInHelper.java:95)
	at com.cashkaro.tests.login.LoginWithFacebookTest.loginTest(LoginWithFacebookTest.java:35)
... Removed 23 stack frames</pre></div><a href='#' onClick='toggleBox("stack-trace753321708", this, "Click to show all stack frames", "Click to hide stack frames")'>Click to show all stack frames</a>
<div class='stack-trace' id='stack-trace753321708'><pre>com.cashkaro.ui_tests.AutomationException
	at com.cashkaro.ui_tests.DriverScript.switchToBrowser(DriverScript.java:134)
	at com.cashkaro.helpers.FacebookHelper.loginFacebook(FacebookHelper.java:21)
	at com.cashkaro.helpers.SignInHelper.loginWithFacebook(SignInHelper.java:95)
	at com.cashkaro.tests.login.LoginWithFacebookTest.loginTest(LoginWithFacebookTest.java:35)
	at sun.reflect.NativeMethodAccessorImpl.invoke0(Native Method)
	at sun.reflect.NativeMethodAccessorImpl.invoke(Unknown Source)
	at sun.reflect.DelegatingMethodAccessorImpl.invoke(Unknown Source)
	at java.lang.reflect.Method.invoke(Unknown Source)
	at org.testng.internal.MethodInvocationHelper.invokeMethod(MethodInvocationHelper.java:85)
	at org.testng.internal.Invoker.invokeMethod(Invoker.java:639)
	at org.testng.internal.Invoker.invokeTestMethod(Invoker.java:816)
	at org.testng.internal.Invoker.invokeTestMethods(Invoker.java:1124)
	at org.testng.internal.TestMethodWorker.invokeTestMethods(TestMethodWorker.java:125)
	at org.testng.internal.TestMethodWorker.run(TestMethodWorker.java:108)
	at org.testng.TestRunner.privateRun(TestRunner.java:774)
	at org.testng.TestRunner.run(TestRunner.java:624)
	at org.testng.SuiteRunner.runTest(SuiteRunner.java:359)
	at org.testng.SuiteRunner.runSequentially(SuiteRunner.java:354)
	at org.testng.SuiteRunner.privateRun(SuiteRunner.java:312)
	at org.testng.SuiteRunner.run(SuiteRunner.java:261)
	at org.testng.SuiteRunnerWorker.runSuite(SuiteRunnerWorker.java:52)
	at org.testng.SuiteRunnerWorker.run(SuiteRunnerWorker.java:86)
	at org.testng.TestNG.runSuitesSequentially(TestNG.java:1215)
	at org.testng.TestNG.runSuitesLocally(TestNG.java:1140)
	at org.testng.TestNG.run(TestNG.java:1048)
	at org.testng.TestNG.privateMain(TestNG.java:1355)
	at org.testng.TestNG.main(TestNG.java:1324)
</pre></div></td>
<td>5</td>
<td>com.cashkaro.tests.login.LoginWithFacebookTest@7c75222b</td></tr>
<tr>
<td title='com.cashkaro.tests.forgotPassword.ForgotPasswordTest.verifyForgotPasswordErrorTest()'><b>verifyForgotPasswordErrorTest</b><br>Test class: com.cashkaro.tests.forgotPassword.ForgotPasswordTest</td>
<td><div><pre>java.lang.AssertionError: Error message is not displayed expected [Please enter a valid email.] but found [Please enter valid email address.]
	at com.cashkaro.helpers.ForgotPasswordHelper.verifyForgotPasswordError(ForgotPasswordHelper.java:52)
	at com.cashkaro.tests.forgotPassword.ForgotPasswordTest.verifyForgotPasswordErrorTest(ForgotPasswordTest.java:30)
... Removed 27 stack frames</pre></div><a href='#' onClick='toggleBox("stack-trace1928301845", this, "Click to show all stack frames", "Click to hide stack frames")'>Click to show all stack frames</a>
<div class='stack-trace' id='stack-trace1928301845'><pre>java.lang.AssertionError: Error message is not displayed expected [Please enter a valid email.] but found [Please enter valid email address.]
	at org.testng.Assert.fail(Assert.java:94)
	at org.testng.Assert.failNotEquals(Assert.java:496)
	at org.testng.Assert.assertEquals(Assert.java:125)
	at org.testng.Assert.assertEquals(Assert.java:178)
	at com.cashkaro.helpers.ForgotPasswordHelper.verifyForgotPasswordError(ForgotPasswordHelper.java:52)
	at com.cashkaro.tests.forgotPassword.ForgotPasswordTest.verifyForgotPasswordErrorTest(ForgotPasswordTest.java:30)
	at sun.reflect.NativeMethodAccessorImpl.invoke0(Native Method)
	at sun.reflect.NativeMethodAccessorImpl.invoke(Unknown Source)
	at sun.reflect.DelegatingMethodAccessorImpl.invoke(Unknown Source)
	at java.lang.reflect.Method.invoke(Unknown Source)
	at org.testng.internal.MethodInvocationHelper.invokeMethod(MethodInvocationHelper.java:85)
	at org.testng.internal.Invoker.invokeMethod(Invoker.java:639)
	at org.testng.internal.Invoker.invokeTestMethod(Invoker.java:816)
	at org.testng.internal.Invoker.invokeTestMethods(Invoker.java:1124)
	at org.testng.internal.TestMethodWorker.invokeTestMethods(TestMethodWorker.java:125)
	at org.testng.internal.TestMethodWorker.run(TestMethodWorker.java:108)
	at org.testng.TestRunner.privateRun(TestRunner.java:774)
	at org.testng.TestRunner.run(TestRunner.java:624)
	at org.testng.SuiteRunner.runTest(SuiteRunner.java:359)
	at org.testng.SuiteRunner.runSequentially(SuiteRunner.java:354)
	at org.testng.SuiteRunner.privateRun(SuiteRunner.java:312)
	at org.testng.SuiteRunner.run(SuiteRunner.java:261)
	at org.testng.SuiteRunnerWorker.runSuite(SuiteRunnerWorker.java:52)
	at org.testng.SuiteRunnerWorker.run(SuiteRunnerWorker.java:86)
	at org.testng.TestNG.runSuitesSequentially(TestNG.java:1215)
	at org.testng.TestNG.runSuitesLocally(TestNG.java:1140)
	at org.testng.TestNG.run(TestNG.java:1048)
	at org.testng.TestNG.privateMain(TestNG.java:1355)
	at org.testng.TestNG.main(TestNG.java:1324)
</pre></div></td>
<td>3</td>
<td>com.cashkaro.tests.forgotPassword.ForgotPasswordTest@2d209079</td></tr>
<tr>
<td title='com.cashkaro.tests.JoinNow.VerifyJoinFromWhiteDividerTest.verifyJoinFromBannerSectionInvalidTest()'><b>verifyJoinFromBannerSectionInvalidTest</b><br>Test class: com.cashkaro.tests.JoinNow.VerifyJoinFromWhiteDividerTest</td>
<td><div><pre>java.lang.AssertionError: Full Name error label is not matching expected [Please type your name.] but found [Full Name:*]
	at com.cashkaro.helpers.JoinNowHelper.verifyJoinNowErrorValues(JoinNowHelper.java:114)
	at com.cashkaro.tests.JoinNow.VerifyJoinFromWhiteDividerTest.verifyJoinFromBannerSectionInvalidTest(VerifyJoinFromWhiteDividerTest.java:38)
... Removed 27 stack frames</pre></div><a href='#' onClick='toggleBox("stack-trace473524237", this, "Click to show all stack frames", "Click to hide stack frames")'>Click to show all stack frames</a>
<div class='stack-trace' id='stack-trace473524237'><pre>java.lang.AssertionError: Full Name error label is not matching expected [Please type your name.] but found [Full Name:*]
	at org.testng.Assert.fail(Assert.java:94)
	at org.testng.Assert.failNotEquals(Assert.java:496)
	at org.testng.Assert.assertEquals(Assert.java:125)
	at org.testng.Assert.assertEquals(Assert.java:178)
	at com.cashkaro.helpers.JoinNowHelper.verifyJoinNowErrorValues(JoinNowHelper.java:114)
	at com.cashkaro.tests.JoinNow.VerifyJoinFromWhiteDividerTest.verifyJoinFromBannerSectionInvalidTest(VerifyJoinFromWhiteDividerTest.java:38)
	at sun.reflect.NativeMethodAccessorImpl.invoke0(Native Method)
	at sun.reflect.NativeMethodAccessorImpl.invoke(Unknown Source)
	at sun.reflect.DelegatingMethodAccessorImpl.invoke(Unknown Source)
	at java.lang.reflect.Method.invoke(Unknown Source)
	at org.testng.internal.MethodInvocationHelper.invokeMethod(MethodInvocationHelper.java:85)
	at org.testng.internal.Invoker.invokeMethod(Invoker.java:639)
	at org.testng.internal.Invoker.invokeTestMethod(Invoker.java:816)
	at org.testng.internal.Invoker.invokeTestMethods(Invoker.java:1124)
	at org.testng.internal.TestMethodWorker.invokeTestMethods(TestMethodWorker.java:125)
	at org.testng.internal.TestMethodWorker.run(TestMethodWorker.java:108)
	at org.testng.TestRunner.privateRun(TestRunner.java:774)
	at org.testng.TestRunner.run(TestRunner.java:624)
	at org.testng.SuiteRunner.runTest(SuiteRunner.java:359)
	at org.testng.SuiteRunner.runSequentially(SuiteRunner.java:354)
	at org.testng.SuiteRunner.privateRun(SuiteRunner.java:312)
	at org.testng.SuiteRunner.run(SuiteRunner.java:261)
	at org.testng.SuiteRunnerWorker.runSuite(SuiteRunnerWorker.java:52)
	at org.testng.SuiteRunnerWorker.run(SuiteRunnerWorker.java:86)
	at org.testng.TestNG.runSuitesSequentially(TestNG.java:1215)
	at org.testng.TestNG.runSuitesLocally(TestNG.java:1140)
	at org.testng.TestNG.run(TestNG.java:1048)
	at org.testng.TestNG.privateMain(TestNG.java:1355)
	at org.testng.TestNG.main(TestNG.java:1324)
</pre></div></td>
<td>6</td>
<td>com.cashkaro.tests.JoinNow.VerifyJoinFromWhiteDividerTest@e580929</td></tr>
</table><p>
<table width='100%' border='1' class='invocation-passed'>
<tr><td colspan='4' align='center'><b>PASSED TESTS</b></td></tr>
<tr><td><b>Test method</b></td>
<td width="30%"><b>Exception</b></td>
<td width="10%"><b>Time (seconds)</b></td>
<td><b>Instance</b></td>
</tr>
<tr>
<td title='com.cashkaro.tests.forgotPassword.ForgotPasswordTest.verifyForgotPasswordTest()'><b>verifyForgotPasswordTest</b><br>Test class: com.cashkaro.tests.forgotPassword.ForgotPasswordTest</td>
<td></td>
<td>34</td>
<td>com.cashkaro.tests.forgotPassword.ForgotPasswordTest@2d209079</td></tr>
<tr>
<td title='com.cashkaro.tests.login.LoginTest.verifyInvalidLoginTest()'><b>verifyInvalidLoginTest</b><br>Test class: com.cashkaro.tests.login.LoginTest<br>Parameters: abcd, </td>
<td></td>
<td>3</td>
<td>com.cashkaro.tests.login.LoginTest@1cd072a9</td></tr>
<tr>
<td title='com.cashkaro.tests.login.LoginTest.verifyInvalidLoginTest()'><b>verifyInvalidLoginTest</b><br>Test class: com.cashkaro.tests.login.LoginTest<br>Parameters: , abcdefg</td>
<td></td>
<td>3</td>
<td>com.cashkaro.tests.login.LoginTest@1cd072a9</td></tr>
<tr>
<td title='com.cashkaro.tests.login.LoginTest.verifyInvalidLoginTest()'><b>verifyInvalidLoginTest</b><br>Test class: com.cashkaro.tests.login.LoginTest<br>Parameters: , </td>
<td></td>
<td>3</td>
<td>com.cashkaro.tests.login.LoginTest@1cd072a9</td></tr>
<tr>
<td title='com.cashkaro.tests.JoinNow.VerifyJoinFromBannerSectionTest.verifyJoinFormConfirmEmailErrorTest()'><b>verifyJoinFormConfirmEmailErrorTest</b><br>Test class: com.cashkaro.tests.JoinNow.VerifyJoinFromBannerSectionTest</td>
<td></td>
<td>7</td>
<td>com.cashkaro.tests.JoinNow.VerifyJoinFromBannerSectionTest@6b71769e</td></tr>
<tr>
<td title='com.cashkaro.tests.JoinNow.VerifyJoinFromTopNavTest.verifyJoinFormConfirmEmailErrorTest()'><b>verifyJoinFormConfirmEmailErrorTest</b><br>Test class: com.cashkaro.tests.JoinNow.VerifyJoinFromTopNavTest</td>
<td></td>
<td>4</td>
<td>com.cashkaro.tests.JoinNow.VerifyJoinFromTopNavTest@2752f6e2</td></tr>
<tr>
<td title='com.cashkaro.tests.JoinNow.VerifyJoinFromWhiteDividerTest.verifyJoinFormConfirmEmailErrorTest()'><b>verifyJoinFormConfirmEmailErrorTest</b><br>Test class: com.cashkaro.tests.JoinNow.VerifyJoinFromWhiteDividerTest</td>
<td></td>
<td>4</td>
<td>com.cashkaro.tests.JoinNow.VerifyJoinFromWhiteDividerTest@e580929</td></tr>
<tr>
<td title='com.cashkaro.tests.JoinNow.VerifyJoinFromBannerSectionTest.verifyJoinFromBannerSectionInvalidTest()'><b>verifyJoinFromBannerSectionInvalidTest</b><br>Test class: com.cashkaro.tests.JoinNow.VerifyJoinFromBannerSectionTest</td>
<td></td>
<td>5</td>
<td>com.cashkaro.tests.JoinNow.VerifyJoinFromBannerSectionTest@6b71769e</td></tr>
<tr>
<td title='com.cashkaro.tests.JoinNow.VerifyJoinFromTopNavTest.verifyJoinFromBannerSectionInvalidTest()'><b>verifyJoinFromBannerSectionInvalidTest</b><br>Test class: com.cashkaro.tests.JoinNow.VerifyJoinFromTopNavTest</td>
<td></td>
<td>5</td>
<td>com.cashkaro.tests.JoinNow.VerifyJoinFromTopNavTest@2752f6e2</td></tr>
<tr>
<td title='com.cashkaro.tests.login.LoginTest.verifyLoginElementsTest()'><b>verifyLoginElementsTest</b><br>Test class: com.cashkaro.tests.login.LoginTest</td>
<td></td>
<td>3</td>
<td>com.cashkaro.tests.login.LoginTest@1cd072a9</td></tr>
<tr>
<td title='com.cashkaro.tests.login.LoginTest.verifyLoginTest()'><b>verifyLoginTest</b><br>Test class: com.cashkaro.tests.login.LoginTest</td>
<td></td>
<td>9</td>
<td>com.cashkaro.tests.login.LoginTest@1cd072a9</td></tr>
</table><p>
</body>
</html>